--------------- Build Started: 01/09/2019 20:07:49 Project: RFID, Configuration: ARM GCC 5.4-2016-q2-update Debug ---------------
The code generation step is up to date.
arm-none-eabi-gcc.exe -mcpu=cortex-m3 -mthumb -I. -IGenerated_Source\PSoC5 -Wa,-alh=.\CortexM3\ARM_GCC_541\Debug/RC522.lst -g -D DEBUG -D CY_CORE_ID=0 -Wall -ffunction-sections -ffat-lto-objects -Og -c RC522.c -o .\CortexM3\ARM_GCC_541\Debug\RC522.o
RC522.c: In function 'PCD_PerformSelfTest':
RC522.c:256:14: warning: assignment discards 'const' qualifier from pointer target type [-Wdiscarded-qualifiers]
    reference = FM17522_firmware_reference;
              ^
RC522.c:259:14: warning: assignment discards 'const' qualifier from pointer target type [-Wdiscarded-qualifiers]
    reference = MFRC522_firmware_referenceV0_0;
              ^
RC522.c:262:14: warning: assignment discards 'const' qualifier from pointer target type [-Wdiscarded-qualifiers]
    reference = MFRC522_firmware_referenceV1_0;
              ^
RC522.c:265:14: warning: assignment discards 'const' qualifier from pointer target type [-Wdiscarded-qualifiers]
    reference = MFRC522_firmware_referenceV2_0;
              ^
RC522.c:268:23: warning: assignment discards 'const' qualifier from pointer target type [-Wdiscarded-qualifiers]
             reference = MFRC522_firmware_referenceV2_0;
                       ^
RC522.c:253:17: warning: variable 'reference' set but not used [-Wunused-but-set-variable]
  unsigned char *reference;
                 ^
arm-none-eabi-ar.exe -rs .\CortexM3\ARM_GCC_541\Debug\RFID.a .\CortexM3\ARM_GCC_541\Debug\SPI.o .\CortexM3\ARM_GCC_541\Debug\SPI_PM.o .\CortexM3\ARM_GCC_541\Debug\SPI_INT.o .\CortexM3\ARM_GCC_541\Debug\MISO.o .\CortexM3\ARM_GCC_541\Debug\MOSI.o .\CortexM3\ARM_GCC_541\Debug\SCK.o .\CortexM3\ARM_GCC_541\Debug\SDA.o .\CortexM3\ARM_GCC_541\Debug\RESET.o .\CortexM3\ARM_GCC_541\Debug\SPI_IntClock.o .\CortexM3\ARM_GCC_541\Debug\CyDmac.o .\CortexM3\ARM_GCC_541\Debug\CyFlash.o .\CortexM3\ARM_GCC_541\Debug\CyLib.o .\CortexM3\ARM_GCC_541\Debug\cyPm.o .\CortexM3\ARM_GCC_541\Debug\CySpc.o .\CortexM3\ARM_GCC_541\Debug\cyutils.o .\CortexM3\ARM_GCC_541\Debug\cy_em_eeprom.o .\CortexM3\ARM_GCC_541\Debug\LCD.o .\CortexM3\ARM_GCC_541\Debug\LCD_PM.o .\CortexM3\ARM_GCC_541\Debug\LCD_LCDPort.o .\CortexM3\ARM_GCC_541\Debug\CyBootAsmGnu.o
arm-none-eabi-ar.exe: creating .\CortexM3\ARM_GCC_541\Debug\RFID.a
arm-none-eabi-gcc.exe -Wl,--start-group -o "C:\Users\nikod\Documents\PSoC Creator\RC522\RFID.cydsn\CortexM3\ARM_GCC_541\Debug\RFID.elf" .\CortexM3\ARM_GCC_541\Debug\main.o .\CortexM3\ARM_GCC_541\Debug\RC522.o .\CortexM3\ARM_GCC_541\Debug\cyfitter_cfg.o .\CortexM3\ARM_GCC_541\Debug\cymetadata.o .\CortexM3\ARM_GCC_541\Debug\Cm3Start.o .\CortexM3\ARM_GCC_541\Debug\RFID.a "C:\Program Files (x86)\Cypress\PSoC Creator\4.2\PSoC Creator\psoc\content\cycomponentlibrary\CyComponentLibrary.cylib\CortexM3\ARM_GCC_541\Debug\CyComponentLibrary.a" -mcpu=cortex-m3 -mthumb -L Generated_Source\PSoC5 -Wl,-Map,.\CortexM3\ARM_GCC_541\Debug/RFID.map -T Generated_Source\PSoC5\cm3gcc.ld -specs=nano.specs -Wl,--gc-sections -g -ffunction-sections -Og -ffat-lto-objects -Wl,--end-group
.\CortexM3\ARM_GCC_541\Debug\RC522.o:(.rodata+0x0): multiple definition of `FM17522_firmware_reference'
.\CortexM3\ARM_GCC_541\Debug\main.o:(.rodata+0x0): first defined here
.\CortexM3\ARM_GCC_541\Debug\RC522.o: In function `PCD_WriteRegisters':
C:\Users\nikod\Documents\PSoC Creator\RC522\RFID.cydsn/RC522.c:501: multiple definition of `MFRC522_firmware_referenceV2_0'
.\CortexM3\ARM_GCC_541\Debug\main.o:(.rodata+0x40): first defined here
.\CortexM3\ARM_GCC_541\Debug\RC522.o: In function `PCD_ReadRegister':
C:\Users\nikod\Documents\PSoC Creator\RC522\RFID.cydsn/RC522.c:512: multiple definition of `MFRC522_firmware_referenceV1_0'
.\CortexM3\ARM_GCC_541\Debug\main.o:(.rodata+0x80): first defined here
.\CortexM3\ARM_GCC_541\Debug\RC522.o: In function `PCD_ReadRegisters':
C:\Users\nikod\Documents\PSoC Creator\RC522\RFID.cydsn/RC522.c:533: multiple definition of `MFRC522_firmware_referenceV0_0'
.\CortexM3\ARM_GCC_541\Debug\main.o:(.rodata+0xc0): first defined here
collect2.exe: error: ld returned 1 exit status
The command 'arm-none-eabi-gcc.exe' failed with exit code '1'.
--------------- Build Failed: 01/09/2019 20:07:51 ---------------
