ARM GAS  C:\Users\nikod\AppData\Local\Temp\ccy331T6.s 			page 1


   1              		.syntax unified
   2              		.cpu cortex-m3
   3              		.fpu softvfp
   4              		.eabi_attribute 20, 1
   5              		.eabi_attribute 21, 1
   6              		.eabi_attribute 23, 3
   7              		.eabi_attribute 24, 1
   8              		.eabi_attribute 25, 1
   9              		.eabi_attribute 26, 1
  10              		.eabi_attribute 30, 1
  11              		.eabi_attribute 34, 1
  12              		.eabi_attribute 18, 4
  13              		.thumb
  14              		.syntax unified
  15              		.file	"cymetadata.c"
  16              		.text
  17              	.Ltext0:
  18              		.cfi_sections	.debug_frame
  19              		.global	cy_metadata
  20              		.global	cy_meta_flashprotect
  21              		.global	cy_meta_wonvl
  22              		.global	cy_meta_custnvl
  23              		.global	cy_meta_configecc
  24              		.section	.cyconfigecc,"a",%progbits
  25              		.align	2
  26              		.type	cy_meta_configecc, %object
  27              		.size	cy_meta_configecc, 552
  28              	cy_meta_configecc:
  29 0000 02       		.byte	2
  30 0001 52       		.byte	82
  31 0002 00       		.byte	0
  32 0003 40       		.byte	64
  33 0004 01       		.byte	1
  34 0005 64       		.byte	100
  35 0006 00       		.byte	0
  36 0007 40       		.byte	64
  37 0008 03       		.byte	3
  38 0009 00       		.byte	0
  39 000a 01       		.byte	1
  40 000b 40       		.byte	64
  41 000c 32       		.byte	50
  42 000d 01       		.byte	1
  43 000e 01       		.byte	1
  44 000f 40       		.byte	64
  45 0010 3C       		.byte	60
  46 0011 02       		.byte	2
  47 0012 01       		.byte	1
  48 0013 40       		.byte	64
  49 0014 2C       		.byte	44
  50 0015 03       		.byte	3
  51 0016 01       		.byte	1
  52 0017 40       		.byte	64
  53 0018 04       		.byte	4
  54 0019 05       		.byte	5
  55 001a 01       		.byte	1
  56 001b 40       		.byte	64
  57 001c 02       		.byte	2
ARM GAS  C:\Users\nikod\AppData\Local\Temp\ccy331T6.s 			page 2


  58 001d 40       		.byte	64
  59 001e 01       		.byte	1
  60 001f 40       		.byte	64
  61 0020 09       		.byte	9
  62 0021 41       		.byte	65
  63 0022 01       		.byte	1
  64 0023 40       		.byte	64
  65 0024 04       		.byte	4
  66 0025 42       		.byte	66
  67 0026 01       		.byte	1
  68 0027 40       		.byte	64
  69 0028 02       		.byte	2
  70 0029 50       		.byte	80
  71 002a 01       		.byte	1
  72 002b 40       		.byte	64
  73 002c 00       		.byte	0
  74 002d 08       		.byte	8
  75 002e 01       		.byte	1
  76 002f 14       		.byte	20
  77 0030 81       		.byte	-127
  78 0031 0F       		.byte	15
  79 0032 54       		.byte	84
  80 0033 09       		.byte	9
  81 0034 5B       		.byte	91
  82 0035 04       		.byte	4
  83 0036 5F       		.byte	95
  84 0037 01       		.byte	1
  85 0038 00       		.byte	0
  86 0039 08       		.byte	8
  87 003a 01       		.byte	1
  88 003b 08       		.byte	8
  89 003c 04       		.byte	4
  90 003d 22       		.byte	34
  91 003e 07       		.byte	7
  92 003f 01       		.byte	1
  93 0040 0D       		.byte	13
  94 0041 28       		.byte	40
  95 0042 0E       		.byte	14
  96 0043 80       		.byte	-128
  97 0044 0F       		.byte	15
  98 0045 02       		.byte	2
  99 0046 12       		.byte	18
 100 0047 80       		.byte	-128
 101 0048 13       		.byte	19
 102 0049 01       		.byte	1
 103 004a 17       		.byte	23
 104 004b 56       		.byte	86
 105 004c 1C       		.byte	28
 106 004d 10       		.byte	16
 107 004e 1D       		.byte	29
 108 004f 80       		.byte	-128
 109 0050 1E       		.byte	30
 110 0051 81       		.byte	-127
 111 0052 25       		.byte	37
 112 0053 40       		.byte	64
 113 0054 26       		.byte	38
 114 0055 80       		.byte	-128
ARM GAS  C:\Users\nikod\AppData\Local\Temp\ccy331T6.s 			page 3


 115 0056 27       		.byte	39
 116 0057 08       		.byte	8
 117 0058 2F       		.byte	47
 118 0059 08       		.byte	8
 119 005a 36       		.byte	54
 120 005b 20       		.byte	32
 121 005c 37       		.byte	55
 122 005d 08       		.byte	8
 123 005e 3C       		.byte	60
 124 005f 01       		.byte	1
 125 0060 3D       		.byte	61
 126 0061 80       		.byte	-128
 127 0062 45       		.byte	69
 128 0063 A8       		.byte	-88
 129 0064 4C       		.byte	76
 130 0065 01       		.byte	1
 131 0066 4E       		.byte	78
 132 0067 04       		.byte	4
 133 0068 4F       		.byte	79
 134 0069 0A       		.byte	10
 135 006a 54       		.byte	84
 136 006b 04       		.byte	4
 137 006c 56       		.byte	86
 138 006d A0       		.byte	-96
 139 006e 59       		.byte	89
 140 006f 08       		.byte	8
 141 0070 5A       		.byte	90
 142 0071 41       		.byte	65
 143 0072 5B       		.byte	91
 144 0073 20       		.byte	32
 145 0074 60       		.byte	96
 146 0075 02       		.byte	2
 147 0076 67       		.byte	103
 148 0077 01       		.byte	1
 149 0078 6D       		.byte	109
 150 0079 40       		.byte	64
 151 007a 6F       		.byte	111
 152 007b 55       		.byte	85
 153 007c 76       		.byte	118
 154 007d 02       		.byte	2
 155 007e 77       		.byte	119
 156 007f 02       		.byte	2
 157 0080 8A       		.byte	-118
 158 0081 40       		.byte	64
 159 0082 8F       		.byte	-113
 160 0083 08       		.byte	8
 161 0084 C0       		.byte	-64
 162 0085 D0       		.byte	-48
 163 0086 C2       		.byte	-62
 164 0087 F0       		.byte	-16
 165 0088 C4       		.byte	-60
 166 0089 F0       		.byte	-16
 167 008a CA       		.byte	-54
 168 008b 20       		.byte	32
 169 008c CC       		.byte	-52
 170 008d 60       		.byte	96
 171 008e CE       		.byte	-50
ARM GAS  C:\Users\nikod\AppData\Local\Temp\ccy331T6.s 			page 4


 172 008f 90       		.byte	-112
 173 0090 D0       		.byte	-48
 174 0091 70       		.byte	112
 175 0092 D2       		.byte	-46
 176 0093 30       		.byte	48
 177 0094 D6       		.byte	-42
 178 0095 0F       		.byte	15
 179 0096 D8       		.byte	-40
 180 0097 18       		.byte	24
 181 0098 E2       		.byte	-30
 182 0099 20       		.byte	32
 183 009a E6       		.byte	-26
 184 009b 40       		.byte	64
 185 009c 00       		.byte	0
 186 009d 8D       		.byte	-115
 187 009e 01       		.byte	1
 188 009f 13       		.byte	19
 189 00a0 03       		.byte	3
 190 00a1 64       		.byte	100
 191 00a2 04       		.byte	4
 192 00a3 8D       		.byte	-115
 193 00a4 05       		.byte	5
 194 00a5 38       		.byte	56
 195 00a6 07       		.byte	7
 196 00a7 C0       		.byte	-64
 197 00a8 08       		.byte	8
 198 00a9 62       		.byte	98
 199 00aa 09       		.byte	9
 200 00ab 21       		.byte	33
 201 00ac 0A       		.byte	10
 202 00ad 14       		.byte	20
 203 00ae 0B       		.byte	11
 204 00af D8       		.byte	-40
 205 00b0 0C       		.byte	12
 206 00b1 8D       		.byte	-115
 207 00b2 0D       		.byte	13
 208 00b3 02       		.byte	2
 209 00b4 10       		.byte	16
 210 00b5 02       		.byte	2
 211 00b6 11       		.byte	17
 212 00b7 98       		.byte	-104
 213 00b8 12       		.byte	18
 214 00b9 0D       		.byte	13
 215 00ba 13       		.byte	19
 216 00bb 02       		.byte	2
 217 00bc 14       		.byte	20
 218 00bd 42       		.byte	66
 219 00be 15       		.byte	21
 220 00bf 02       		.byte	2
 221 00c0 16       		.byte	22
 222 00c1 08       		.byte	8
 223 00c2 17       		.byte	23
 224 00c3 98       		.byte	-104
 225 00c4 19       		.byte	25
 226 00c5 98       		.byte	-104
 227 00c6 1A       		.byte	26
 228 00c7 80       		.byte	-128
ARM GAS  C:\Users\nikod\AppData\Local\Temp\ccy331T6.s 			page 5


 229 00c8 1B       		.byte	27
 230 00c9 02       		.byte	2
 231 00ca 1C       		.byte	28
 232 00cb 11       		.byte	17
 233 00cc 1D       		.byte	29
 234 00cd 9A       		.byte	-102
 235 00ce 1E       		.byte	30
 236 00cf 22       		.byte	34
 237 00d0 20       		.byte	32
 238 00d1 40       		.byte	64
 239 00d2 21       		.byte	33
 240 00d3 9A       		.byte	-102
 241 00d4 24       		.byte	36
 242 00d5 8D       		.byte	-115
 243 00d6 29       		.byte	41
 244 00d7 FC       		.byte	-4
 245 00d8 2B       		.byte	43
 246 00d9 03       		.byte	3
 247 00da 2C       		.byte	44
 248 00db 0D       		.byte	13
 249 00dc 2E       		.byte	46
 250 00dd 80       		.byte	-128
 251 00de 30       		.byte	48
 252 00df 0F       		.byte	15
 253 00e0 32       		.byte	50
 254 00e1 70       		.byte	112
 255 00e2 33       		.byte	51
 256 00e3 E0       		.byte	-32
 257 00e4 34       		.byte	52
 258 00e5 80       		.byte	-128
 259 00e6 35       		.byte	53
 260 00e7 0F       		.byte	15
 261 00e8 37       		.byte	55
 262 00e9 13       		.byte	19
 263 00ea 3A       		.byte	58
 264 00eb 0A       		.byte	10
 265 00ec 3B       		.byte	59
 266 00ed 28       		.byte	40
 267 00ee 3E       		.byte	62
 268 00ef 10       		.byte	16
 269 00f0 54       		.byte	84
 270 00f1 40       		.byte	64
 271 00f2 58       		.byte	88
 272 00f3 04       		.byte	4
 273 00f4 59       		.byte	89
 274 00f5 04       		.byte	4
 275 00f6 5B       		.byte	91
 276 00f7 04       		.byte	4
 277 00f8 5F       		.byte	95
 278 00f9 01       		.byte	1
 279 00fa 80       		.byte	-128
 280 00fb 03       		.byte	3
 281 00fc 82       		.byte	-126
 282 00fd 14       		.byte	20
 283 00fe 84       		.byte	-124
 284 00ff 0E       		.byte	14
 285 0100 94       		.byte	-108
ARM GAS  C:\Users\nikod\AppData\Local\Temp\ccy331T6.s 			page 6


 286 0101 04       		.byte	4
 287 0102 96       		.byte	-106
 288 0103 19       		.byte	25
 289 0104 98       		.byte	-104
 290 0105 15       		.byte	21
 291 0106 9A       		.byte	-102
 292 0107 0A       		.byte	10
 293 0108 B0       		.byte	-80
 294 0109 10       		.byte	16
 295 010a B4       		.byte	-76
 296 010b 0F       		.byte	15
 297 010c B8       		.byte	-72
 298 010d 20       		.byte	32
 299 010e BE       		.byte	-66
 300 010f 01       		.byte	1
 301 0110 D8       		.byte	-40
 302 0111 04       		.byte	4
 303 0112 DF       		.byte	-33
 304 0113 01       		.byte	1
 305 0114 00       		.byte	0
 306 0115 05       		.byte	5
 307 0116 07       		.byte	7
 308 0117 5A       		.byte	90
 309 0118 09       		.byte	9
 310 0119 28       		.byte	40
 311 011a 0D       		.byte	13
 312 011b 8A       		.byte	-118
 313 011c 0E       		.byte	14
 314 011d 08       		.byte	8
 315 011e 0F       		.byte	15
 316 011f 08       		.byte	8
 317 0120 15       		.byte	21
 318 0121 40       		.byte	64
 319 0122 16       		.byte	22
 320 0123 80       		.byte	-128
 321 0124 17       		.byte	23
 322 0125 04       		.byte	4
 323 0126 18       		.byte	24
 324 0127 04       		.byte	4
 325 0128 1A       		.byte	26
 326 0129 40       		.byte	64
 327 012a 1D       		.byte	29
 328 012b 0A       		.byte	10
 329 012c 1F       		.byte	31
 330 012d 18       		.byte	24
 331 012e 24       		.byte	36
 332 012f 23       		.byte	35
 333 0130 25       		.byte	37
 334 0131 B4       		.byte	-76
 335 0132 26       		.byte	38
 336 0133 20       		.byte	32
 337 0134 27       		.byte	39
 338 0135 08       		.byte	8
 339 0136 2E       		.byte	46
 340 0137 02       		.byte	2
 341 0138 2F       		.byte	47
 342 0139 08       		.byte	8
ARM GAS  C:\Users\nikod\AppData\Local\Temp\ccy331T6.s 			page 7


 343 013a 37       		.byte	55
 344 013b 55       		.byte	85
 345 013c 3C       		.byte	60
 346 013d 01       		.byte	1
 347 013e 3D       		.byte	61
 348 013f 28       		.byte	40
 349 0140 3E       		.byte	62
 350 0141 80       		.byte	-128
 351 0142 66       		.byte	102
 352 0143 20       		.byte	32
 353 0144 67       		.byte	103
 354 0145 22       		.byte	34
 355 0146 91       		.byte	-111
 356 0147 40       		.byte	64
 357 0148 94       		.byte	-108
 358 0149 23       		.byte	35
 359 014a 96       		.byte	-106
 360 014b 48       		.byte	72
 361 014c 9A       		.byte	-102
 362 014d A2       		.byte	-94
 363 014e 9B       		.byte	-101
 364 014f 57       		.byte	87
 365 0150 A3       		.byte	-93
 366 0151 04       		.byte	4
 367 0152 A5       		.byte	-91
 368 0153 28       		.byte	40
 369 0154 A6       		.byte	-90
 370 0155 20       		.byte	32
 371 0156 A7       		.byte	-89
 372 0157 08       		.byte	8
 373 0158 AA       		.byte	-86
 374 0159 80       		.byte	-128
 375 015a AB       		.byte	-85
 376 015b 20       		.byte	32
 377 015c B4       		.byte	-76
 378 015d 12       		.byte	18
 379 015e C0       		.byte	-64
 380 015f FC       		.byte	-4
 381 0160 C2       		.byte	-62
 382 0161 F6       		.byte	-10
 383 0162 C4       		.byte	-60
 384 0163 B0       		.byte	-80
 385 0164 CA       		.byte	-54
 386 0165 A0       		.byte	-96
 387 0166 CC       		.byte	-52
 388 0167 F0       		.byte	-16
 389 0168 CE       		.byte	-50
 390 0169 F0       		.byte	-16
 391 016a D8       		.byte	-40
 392 016b 70       		.byte	112
 393 016c A8       		.byte	-88
 394 016d 04       		.byte	4
 395 016e AA       		.byte	-86
 396 016f 04       		.byte	4
 397 0170 AB       		.byte	-85
 398 0171 01       		.byte	1
 399 0172 AE       		.byte	-82
ARM GAS  C:\Users\nikod\AppData\Local\Temp\ccy331T6.s 			page 8


 400 0173 04       		.byte	4
 401 0174 8B       		.byte	-117
 402 0175 40       		.byte	64
 403 0176 8F       		.byte	-113
 404 0177 10       		.byte	16
 405 0178 03       		.byte	3
 406 0179 80       		.byte	-128
 407 017a 56       		.byte	86
 408 017b 20       		.byte	32
 409 017c 5B       		.byte	91
 410 017d 10       		.byte	16
 411 017e 63       		.byte	99
 412 017f 40       		.byte	64
 413 0180 93       		.byte	-109
 414 0181 40       		.byte	64
 415 0182 9B       		.byte	-101
 416 0183 10       		.byte	16
 417 0184 C0       		.byte	-64
 418 0185 10       		.byte	16
 419 0186 D4       		.byte	-44
 420 0187 C0       		.byte	-64
 421 0188 D8       		.byte	-40
 422 0189 40       		.byte	64
 423 018a AA       		.byte	-86
 424 018b 20       		.byte	32
 425 018c AF       		.byte	-81
 426 018d 80       		.byte	-128
 427 018e EA       		.byte	-22
 428 018f 20       		.byte	32
 429 0190 EC       		.byte	-20
 430 0191 10       		.byte	16
 431 0192 00       		.byte	0
 432 0193 01       		.byte	1
 433 0194 08       		.byte	8
 434 0195 01       		.byte	1
 435 0196 00       		.byte	0
 436 0197 00       		.byte	0
 437 0198 07       		.byte	7
 438 0199 13       		.byte	19
 439 019a 38       		.byte	56
 440 019b 0C       		.byte	12
 441 019c 00       		.byte	0
 442 019d 00       		.byte	0
 443 019e 00       		.byte	0
 444 019f 00       		.byte	0
 445 01a0 04       		.byte	4
 446 01a1 00       		.byte	0
 447 01a2 00       		.byte	0
 448 01a3 00       		.byte	0
 449 01a4 04       		.byte	4
 450 01a5 02       		.byte	2
 451 01a6 80       		.byte	-128
 452 01a7 0D       		.byte	13
 453 01a8 01       		.byte	1
 454 01a9 00       		.byte	0
 455 01aa 00       		.byte	0
 456 01ab 00       		.byte	0
ARM GAS  C:\Users\nikod\AppData\Local\Temp\ccy331T6.s 			page 9


 457 01ac 56       		.byte	86
 458 01ad 00       		.byte	0
 459 01ae 09       		.byte	9
 460 01af 20       		.byte	32
 461 01b0 0A       		.byte	10
 462 01b1 05       		.byte	5
 463 01b2 10       		.byte	16
 464 01b3 3A       		.byte	58
 465 01b4 60       		.byte	96
 466 01b5 00       		.byte	0
 467 01b6 00       		.byte	0
 468 01b7 00       		.byte	0
 469 01b8 84       		.byte	-124
 470 01b9 00       		.byte	0
 471 01ba 00       		.byte	0
 472 01bb 00       		.byte	0
 473 01bc 80       		.byte	-128
 474 01bd 00       		.byte	0
 475 01be 04       		.byte	4
 476 01bf 00       		.byte	0
 477 01c0 84       		.byte	-124
 478 01c1 09       		.byte	9
 479 01c2 00       		.byte	0
 480 01c3 36       		.byte	54
 481 01c4 84       		.byte	-124
 482 01c5 00       		.byte	0
 483 01c6 00       		.byte	0
 484 01c7 00       		.byte	0
 485 01c8 7F       		.byte	127
 486 01c9 00       		.byte	0
 487 01ca 02       		.byte	2
 488 01cb 00       		.byte	0
 489 01cc 00       		.byte	0
 490 01cd 30       		.byte	48
 491 01ce 80       		.byte	-128
 492 01cf 0F       		.byte	15
 493 01d0 02       		.byte	2
 494 01d1 00       		.byte	0
 495 01d2 00       		.byte	0
 496 01d3 80       		.byte	-128
 497 01d4 00       		.byte	0
 498 01d5 00       		.byte	0
 499 01d6 44       		.byte	68
 500 01d7 00       		.byte	0
 501 01d8 23       		.byte	35
 502 01d9 05       		.byte	5
 503 01da 10       		.byte	16
 504 01db 00       		.byte	0
 505 01dc 06       		.byte	6
 506 01dd BD       		.byte	-67
 507 01de FC       		.byte	-4
 508 01df 0E       		.byte	14
 509 01e0 1F       		.byte	31
 510 01e1 FF       		.byte	-1
 511 01e2 FF       		.byte	-1
 512 01e3 FF       		.byte	-1
 513 01e4 22       		.byte	34
ARM GAS  C:\Users\nikod\AppData\Local\Temp\ccy331T6.s 			page 10


 514 01e5 00       		.byte	0
 515 01e6 F0       		.byte	-16
 516 01e7 08       		.byte	8
 517 01e8 04       		.byte	4
 518 01e9 00       		.byte	0
 519 01ea 00       		.byte	0
 520 01eb 00       		.byte	0
 521 01ec 00       		.byte	0
 522 01ed 00       		.byte	0
 523 01ee 02       		.byte	2
 524 01ef 20       		.byte	32
 525 01f0 04       		.byte	4
 526 01f1 04       		.byte	4
 527 01f2 04       		.byte	4
 528 01f3 04       		.byte	4
 529 01f4 00       		.byte	0
 530 01f5 00       		.byte	0
 531 01f6 00       		.byte	0
 532 01f7 01       		.byte	1
 533 01f8 00       		.byte	0
 534 01f9 00       		.byte	0
 535 01fa C0       		.byte	-64
 536 01fb 00       		.byte	0
 537 01fc 40       		.byte	64
 538 01fd 01       		.byte	1
 539 01fe 10       		.byte	16
 540 01ff 11       		.byte	17
 541 0200 C0       		.byte	-64
 542 0201 01       		.byte	1
 543 0202 00       		.byte	0
 544 0203 11       		.byte	17
 545 0204 40       		.byte	64
 546 0205 01       		.byte	1
 547 0206 40       		.byte	64
 548 0207 01       		.byte	1
 549 0208 00       		.byte	0
 550 0209 00       		.byte	0
 551 020a 00       		.byte	0
 552 020b 00       		.byte	0
 553 020c 00       		.byte	0
 554 020d 00       		.byte	0
 555 020e 00       		.byte	0
 556 020f 00       		.byte	0
 557 0210 00       		.byte	0
 558 0211 00       		.byte	0
 559 0212 00       		.byte	0
 560 0213 00       		.byte	0
 561 0214 00       		.byte	0
 562 0215 00       		.byte	0
 563 0216 00       		.byte	0
 564 0217 00       		.byte	0
 565 0218 01       		.byte	1
 566 0219 1C       		.byte	28
 567 021a 1E       		.byte	30
 568 021b 00       		.byte	0
 569 021c 1C       		.byte	28
 570 021d 00       		.byte	0
ARM GAS  C:\Users\nikod\AppData\Local\Temp\ccy331T6.s 			page 11


 571 021e 00       		.byte	0
 572 021f 00       		.byte	0
 573 0220 00       		.byte	0
 574 0221 0B       		.byte	11
 575 0222 0B       		.byte	11
 576 0223 00       		.byte	0
 577 0224 00       		.byte	0
 578 0225 00       		.byte	0
 579 0226 00       		.byte	0
 580 0227 00       		.byte	0
 581              		.section	.cywolatch,"a",%progbits
 582              		.align	2
 583              		.type	cy_meta_wonvl, %object
 584              		.size	cy_meta_wonvl, 4
 585              	cy_meta_wonvl:
 586 0000 BC       		.byte	-68
 587 0001 90       		.byte	-112
 588 0002 AC       		.byte	-84
 589 0003 AF       		.byte	-81
 590              		.section	.cycustnvl,"a",%progbits
 591              		.align	2
 592              		.type	cy_meta_custnvl, %object
 593              		.size	cy_meta_custnvl, 4
 594              	cy_meta_custnvl:
 595 0000 00       		.byte	0
 596 0001 00       		.byte	0
 597 0002 40       		.byte	64
 598 0003 05       		.byte	5
 599              		.section	.cymeta,"a",%progbits
 600              		.align	2
 601              		.type	cy_metadata, %object
 602              		.size	cy_metadata, 12
 603              	cy_metadata:
 604 0000 00       		.byte	0
 605 0001 01       		.byte	1
 606 0002 2E       		.byte	46
 607 0003 16       		.byte	22
 608 0004 10       		.byte	16
 609 0005 69       		.byte	105
 610 0006 00       		.byte	0
 611 0007 01       		.byte	1
 612 0008 00       		.byte	0
 613 0009 00       		.byte	0
 614 000a 00       		.byte	0
 615 000b 00       		.byte	0
 616              		.section	.cyflashprotect,"a",%progbits
 617              		.align	2
 618              		.type	cy_meta_flashprotect, %object
 619              		.size	cy_meta_flashprotect, 256
 620              	cy_meta_flashprotect:
 621 0000 00000000 		.space	256
 621      00000000 
 621      00000000 
 621      00000000 
 621      00000000 
 622              		.text
 623              	.Letext0:
ARM GAS  C:\Users\nikod\AppData\Local\Temp\ccy331T6.s 			page 12


 624              		.file 1 "c:\\program files (x86)\\cypress\\psoc creator\\4.2\\psoc creator\\import\\gnu\\arm\\5.4.
 625              		.file 2 "c:\\program files (x86)\\cypress\\psoc creator\\4.2\\psoc creator\\import\\gnu\\arm\\5.4.
 626              		.file 3 "Generated_Source\\PSoC5\\cymetadata.c"
 627              		.section	.debug_info,"",%progbits
 628              	.Ldebug_info0:
 629 0000 31010000 		.4byte	0x131
 630 0004 0400     		.2byte	0x4
 631 0006 00000000 		.4byte	.Ldebug_abbrev0
 632 000a 04       		.byte	0x4
 633 000b 01       		.uleb128 0x1
 634 000c 24000000 		.4byte	.LASF17
 635 0010 0C       		.byte	0xc
 636 0011 B5010000 		.4byte	.LASF18
 637 0015 72010000 		.4byte	.LASF19
 638 0019 00000000 		.4byte	.Ldebug_line0
 639 001d 02       		.uleb128 0x2
 640 001e 01       		.byte	0x1
 641 001f 06       		.byte	0x6
 642 0020 A9010000 		.4byte	.LASF0
 643 0024 03       		.uleb128 0x3
 644 0025 00000000 		.4byte	.LASF9
 645 0029 01       		.byte	0x1
 646 002a 1D       		.byte	0x1d
 647 002b 2F000000 		.4byte	0x2f
 648 002f 02       		.uleb128 0x2
 649 0030 01       		.byte	0x1
 650 0031 08       		.byte	0x8
 651 0032 16000000 		.4byte	.LASF1
 652 0036 02       		.uleb128 0x2
 653 0037 02       		.byte	0x2
 654 0038 05       		.byte	0x5
 655 0039 5F010000 		.4byte	.LASF2
 656 003d 02       		.uleb128 0x2
 657 003e 02       		.byte	0x2
 658 003f 07       		.byte	0x7
 659 0040 C4000000 		.4byte	.LASF3
 660 0044 02       		.uleb128 0x2
 661 0045 04       		.byte	0x4
 662 0046 05       		.byte	0x5
 663 0047 69010000 		.4byte	.LASF4
 664 004b 02       		.uleb128 0x2
 665 004c 04       		.byte	0x4
 666 004d 07       		.byte	0x7
 667 004e B2000000 		.4byte	.LASF5
 668 0052 02       		.uleb128 0x2
 669 0053 08       		.byte	0x8
 670 0054 05       		.byte	0x5
 671 0055 51010000 		.4byte	.LASF6
 672 0059 02       		.uleb128 0x2
 673 005a 08       		.byte	0x8
 674 005b 07       		.byte	0x7
 675 005c 06010000 		.4byte	.LASF7
 676 0060 04       		.uleb128 0x4
 677 0061 04       		.byte	0x4
 678 0062 05       		.byte	0x5
 679 0063 696E7400 		.ascii	"int\000"
 680 0067 02       		.uleb128 0x2
ARM GAS  C:\Users\nikod\AppData\Local\Temp\ccy331T6.s 			page 13


 681 0068 04       		.byte	0x4
 682 0069 07       		.byte	0x7
 683 006a F9000000 		.4byte	.LASF8
 684 006e 03       		.uleb128 0x3
 685 006f 1D010000 		.4byte	.LASF10
 686 0073 02       		.byte	0x2
 687 0074 18       		.byte	0x18
 688 0075 24000000 		.4byte	0x24
 689 0079 05       		.uleb128 0x5
 690 007a 91000000 		.4byte	0x91
 691 007e 8A000000 		.4byte	0x8a
 692 0082 06       		.uleb128 0x6
 693 0083 8A000000 		.4byte	0x8a
 694 0087 2702     		.2byte	0x227
 695 0089 00       		.byte	0
 696 008a 02       		.uleb128 0x2
 697 008b 04       		.byte	0x4
 698 008c 07       		.byte	0x7
 699 008d 48010000 		.4byte	.LASF11
 700 0091 07       		.uleb128 0x7
 701 0092 6E000000 		.4byte	0x6e
 702 0096 08       		.uleb128 0x8
 703 0097 E7000000 		.4byte	.LASF12
 704 009b 03       		.byte	0x3
 705 009c 1F       		.byte	0x1f
 706 009d A7000000 		.4byte	0xa7
 707 00a1 05       		.uleb128 0x5
 708 00a2 03       		.byte	0x3
 709 00a3 00000000 		.4byte	cy_meta_configecc
 710 00a7 07       		.uleb128 0x7
 711 00a8 79000000 		.4byte	0x79
 712 00ac 05       		.uleb128 0x5
 713 00ad 91000000 		.4byte	0x91
 714 00b1 BC000000 		.4byte	0xbc
 715 00b5 09       		.uleb128 0x9
 716 00b6 8A000000 		.4byte	0x8a
 717 00ba 03       		.byte	0x3
 718 00bb 00       		.byte	0
 719 00bc 08       		.uleb128 0x8
 720 00bd D7000000 		.4byte	.LASF13
 721 00c1 03       		.byte	0x3
 722 00c2 71       		.byte	0x71
 723 00c3 CD000000 		.4byte	0xcd
 724 00c7 05       		.uleb128 0x5
 725 00c8 03       		.byte	0x3
 726 00c9 00000000 		.4byte	cy_meta_custnvl
 727 00cd 07       		.uleb128 0x7
 728 00ce AC000000 		.4byte	0xac
 729 00d2 08       		.uleb128 0x8
 730 00d3 3A010000 		.4byte	.LASF14
 731 00d7 03       		.byte	0x3
 732 00d8 7F       		.byte	0x7f
 733 00d9 E3000000 		.4byte	0xe3
 734 00dd 05       		.uleb128 0x5
 735 00de 03       		.byte	0x3
 736 00df 00000000 		.4byte	cy_meta_wonvl
 737 00e3 07       		.uleb128 0x7
ARM GAS  C:\Users\nikod\AppData\Local\Temp\ccy331T6.s 			page 14


 738 00e4 AC000000 		.4byte	0xac
 739 00e8 05       		.uleb128 0x5
 740 00e9 91000000 		.4byte	0x91
 741 00ed F8000000 		.4byte	0xf8
 742 00f1 09       		.uleb128 0x9
 743 00f2 8A000000 		.4byte	0x8a
 744 00f6 FF       		.byte	0xff
 745 00f7 00       		.byte	0
 746 00f8 08       		.uleb128 0x8
 747 00f9 25010000 		.4byte	.LASF15
 748 00fd 03       		.byte	0x3
 749 00fe 8D       		.byte	0x8d
 750 00ff 09010000 		.4byte	0x109
 751 0103 05       		.uleb128 0x5
 752 0104 03       		.byte	0x3
 753 0105 00000000 		.4byte	cy_meta_flashprotect
 754 0109 07       		.uleb128 0x7
 755 010a E8000000 		.4byte	0xe8
 756 010e 05       		.uleb128 0x5
 757 010f 91000000 		.4byte	0x91
 758 0113 1E010000 		.4byte	0x11e
 759 0117 09       		.uleb128 0x9
 760 0118 8A000000 		.4byte	0x8a
 761 011c 0B       		.byte	0xb
 762 011d 00       		.byte	0
 763 011e 08       		.uleb128 0x8
 764 011f 0A000000 		.4byte	.LASF16
 765 0123 03       		.byte	0x3
 766 0124 BA       		.byte	0xba
 767 0125 2F010000 		.4byte	0x12f
 768 0129 05       		.uleb128 0x5
 769 012a 03       		.byte	0x3
 770 012b 00000000 		.4byte	cy_metadata
 771 012f 07       		.uleb128 0x7
 772 0130 0E010000 		.4byte	0x10e
 773 0134 00       		.byte	0
 774              		.section	.debug_abbrev,"",%progbits
 775              	.Ldebug_abbrev0:
 776 0000 01       		.uleb128 0x1
 777 0001 11       		.uleb128 0x11
 778 0002 01       		.byte	0x1
 779 0003 25       		.uleb128 0x25
 780 0004 0E       		.uleb128 0xe
 781 0005 13       		.uleb128 0x13
 782 0006 0B       		.uleb128 0xb
 783 0007 03       		.uleb128 0x3
 784 0008 0E       		.uleb128 0xe
 785 0009 1B       		.uleb128 0x1b
 786 000a 0E       		.uleb128 0xe
 787 000b 10       		.uleb128 0x10
 788 000c 17       		.uleb128 0x17
 789 000d 00       		.byte	0
 790 000e 00       		.byte	0
 791 000f 02       		.uleb128 0x2
 792 0010 24       		.uleb128 0x24
 793 0011 00       		.byte	0
 794 0012 0B       		.uleb128 0xb
ARM GAS  C:\Users\nikod\AppData\Local\Temp\ccy331T6.s 			page 15


 795 0013 0B       		.uleb128 0xb
 796 0014 3E       		.uleb128 0x3e
 797 0015 0B       		.uleb128 0xb
 798 0016 03       		.uleb128 0x3
 799 0017 0E       		.uleb128 0xe
 800 0018 00       		.byte	0
 801 0019 00       		.byte	0
 802 001a 03       		.uleb128 0x3
 803 001b 16       		.uleb128 0x16
 804 001c 00       		.byte	0
 805 001d 03       		.uleb128 0x3
 806 001e 0E       		.uleb128 0xe
 807 001f 3A       		.uleb128 0x3a
 808 0020 0B       		.uleb128 0xb
 809 0021 3B       		.uleb128 0x3b
 810 0022 0B       		.uleb128 0xb
 811 0023 49       		.uleb128 0x49
 812 0024 13       		.uleb128 0x13
 813 0025 00       		.byte	0
 814 0026 00       		.byte	0
 815 0027 04       		.uleb128 0x4
 816 0028 24       		.uleb128 0x24
 817 0029 00       		.byte	0
 818 002a 0B       		.uleb128 0xb
 819 002b 0B       		.uleb128 0xb
 820 002c 3E       		.uleb128 0x3e
 821 002d 0B       		.uleb128 0xb
 822 002e 03       		.uleb128 0x3
 823 002f 08       		.uleb128 0x8
 824 0030 00       		.byte	0
 825 0031 00       		.byte	0
 826 0032 05       		.uleb128 0x5
 827 0033 01       		.uleb128 0x1
 828 0034 01       		.byte	0x1
 829 0035 49       		.uleb128 0x49
 830 0036 13       		.uleb128 0x13
 831 0037 01       		.uleb128 0x1
 832 0038 13       		.uleb128 0x13
 833 0039 00       		.byte	0
 834 003a 00       		.byte	0
 835 003b 06       		.uleb128 0x6
 836 003c 21       		.uleb128 0x21
 837 003d 00       		.byte	0
 838 003e 49       		.uleb128 0x49
 839 003f 13       		.uleb128 0x13
 840 0040 2F       		.uleb128 0x2f
 841 0041 05       		.uleb128 0x5
 842 0042 00       		.byte	0
 843 0043 00       		.byte	0
 844 0044 07       		.uleb128 0x7
 845 0045 26       		.uleb128 0x26
 846 0046 00       		.byte	0
 847 0047 49       		.uleb128 0x49
 848 0048 13       		.uleb128 0x13
 849 0049 00       		.byte	0
 850 004a 00       		.byte	0
 851 004b 08       		.uleb128 0x8
ARM GAS  C:\Users\nikod\AppData\Local\Temp\ccy331T6.s 			page 16


 852 004c 34       		.uleb128 0x34
 853 004d 00       		.byte	0
 854 004e 03       		.uleb128 0x3
 855 004f 0E       		.uleb128 0xe
 856 0050 3A       		.uleb128 0x3a
 857 0051 0B       		.uleb128 0xb
 858 0052 3B       		.uleb128 0x3b
 859 0053 0B       		.uleb128 0xb
 860 0054 49       		.uleb128 0x49
 861 0055 13       		.uleb128 0x13
 862 0056 3F       		.uleb128 0x3f
 863 0057 19       		.uleb128 0x19
 864 0058 02       		.uleb128 0x2
 865 0059 18       		.uleb128 0x18
 866 005a 00       		.byte	0
 867 005b 00       		.byte	0
 868 005c 09       		.uleb128 0x9
 869 005d 21       		.uleb128 0x21
 870 005e 00       		.byte	0
 871 005f 49       		.uleb128 0x49
 872 0060 13       		.uleb128 0x13
 873 0061 2F       		.uleb128 0x2f
 874 0062 0B       		.uleb128 0xb
 875 0063 00       		.byte	0
 876 0064 00       		.byte	0
 877 0065 00       		.byte	0
 878              		.section	.debug_aranges,"",%progbits
 879 0000 14000000 		.4byte	0x14
 880 0004 0200     		.2byte	0x2
 881 0006 00000000 		.4byte	.Ldebug_info0
 882 000a 04       		.byte	0x4
 883 000b 00       		.byte	0
 884 000c 0000     		.2byte	0
 885 000e 0000     		.2byte	0
 886 0010 00000000 		.4byte	0
 887 0014 00000000 		.4byte	0
 888              		.section	.debug_line,"",%progbits
 889              	.Ldebug_line0:
 890 0000 3D010000 		.section	.debug_str,"MS",%progbits,1
 890      02003701 
 890      00000201 
 890      FB0E0D00 
 890      01010101 
 891              	.LASF9:
 892 0000 5F5F7569 		.ascii	"__uint8_t\000"
 892      6E74385F 
 892      7400
 893              	.LASF16:
 894 000a 63795F6D 		.ascii	"cy_metadata\000"
 894      65746164 
 894      61746100 
 895              	.LASF1:
 896 0016 756E7369 		.ascii	"unsigned char\000"
 896      676E6564 
 896      20636861 
 896      7200
 897              	.LASF17:
ARM GAS  C:\Users\nikod\AppData\Local\Temp\ccy331T6.s 			page 17


 898 0024 474E5520 		.ascii	"GNU C11 5.4.1 20160609 (release) [ARM/embedded-5-br"
 898      43313120 
 898      352E342E 
 898      31203230 
 898      31363036 
 899 0057 616E6368 		.ascii	"anch revision 237715] -mcpu=cortex-m3 -mthumb -g -O"
 899      20726576 
 899      6973696F 
 899      6E203233 
 899      37373135 
 900 008a 67202D66 		.ascii	"g -ffunction-sections -ffat-lto-objects\000"
 900      66756E63 
 900      74696F6E 
 900      2D736563 
 900      74696F6E 
 901              	.LASF5:
 902 00b2 6C6F6E67 		.ascii	"long unsigned int\000"
 902      20756E73 
 902      69676E65 
 902      6420696E 
 902      7400
 903              	.LASF3:
 904 00c4 73686F72 		.ascii	"short unsigned int\000"
 904      7420756E 
 904      7369676E 
 904      65642069 
 904      6E7400
 905              	.LASF13:
 906 00d7 63795F6D 		.ascii	"cy_meta_custnvl\000"
 906      6574615F 
 906      63757374 
 906      6E766C00 
 907              	.LASF12:
 908 00e7 63795F6D 		.ascii	"cy_meta_configecc\000"
 908      6574615F 
 908      636F6E66 
 908      69676563 
 908      6300
 909              	.LASF8:
 910 00f9 756E7369 		.ascii	"unsigned int\000"
 910      676E6564 
 910      20696E74 
 910      00
 911              	.LASF7:
 912 0106 6C6F6E67 		.ascii	"long long unsigned int\000"
 912      206C6F6E 
 912      6720756E 
 912      7369676E 
 912      65642069 
 913              	.LASF10:
 914 011d 75696E74 		.ascii	"uint8_t\000"
 914      385F7400 
 915              	.LASF15:
 916 0125 63795F6D 		.ascii	"cy_meta_flashprotect\000"
 916      6574615F 
 916      666C6173 
 916      6870726F 
ARM GAS  C:\Users\nikod\AppData\Local\Temp\ccy331T6.s 			page 18


 916      74656374 
 917              	.LASF14:
 918 013a 63795F6D 		.ascii	"cy_meta_wonvl\000"
 918      6574615F 
 918      776F6E76 
 918      6C00
 919              	.LASF11:
 920 0148 73697A65 		.ascii	"sizetype\000"
 920      74797065 
 920      00
 921              	.LASF6:
 922 0151 6C6F6E67 		.ascii	"long long int\000"
 922      206C6F6E 
 922      6720696E 
 922      7400
 923              	.LASF2:
 924 015f 73686F72 		.ascii	"short int\000"
 924      7420696E 
 924      7400
 925              	.LASF4:
 926 0169 6C6F6E67 		.ascii	"long int\000"
 926      20696E74 
 926      00
 927              	.LASF19:
 928 0172 433A5C55 		.ascii	"C:\\Users\\nikod\\Documents\\PSoC Creator\\RC522\\R"
 928      73657273 
 928      5C6E696B 
 928      6F645C44 
 928      6F63756D 
 929 019f 4649442E 		.ascii	"FID.cydsn\000"
 929      63796473 
 929      6E00
 930              	.LASF0:
 931 01a9 7369676E 		.ascii	"signed char\000"
 931      65642063 
 931      68617200 
 932              	.LASF18:
 933 01b5 47656E65 		.ascii	"Generated_Source\\PSoC5\\cymetadata.c\000"
 933      72617465 
 933      645F536F 
 933      75726365 
 933      5C50536F 
 934              		.ident	"GCC: (GNU Tools for ARM Embedded Processors) 5.4.1 20160609 (release) [ARM/embedded-5-bran
