ARM GAS  C:\Users\nikod\AppData\Local\Temp\cclWKFiW.s 			page 1


   1              		.syntax unified
   2              		.cpu cortex-m3
   3              		.fpu softvfp
   4              		.eabi_attribute 20, 1
   5              		.eabi_attribute 21, 1
   6              		.eabi_attribute 23, 3
   7              		.eabi_attribute 24, 1
   8              		.eabi_attribute 25, 1
   9              		.eabi_attribute 26, 1
  10              		.eabi_attribute 30, 1
  11              		.eabi_attribute 34, 1
  12              		.eabi_attribute 18, 4
  13              		.thumb
  14              		.syntax unified
  15              		.file	"main.c"
  16              		.text
  17              	.Ltext0:
  18              		.cfi_sections	.debug_frame
  19              		.section	.text.main,"ax",%progbits
  20              		.align	2
  21              		.global	main
  22              		.thumb
  23              		.thumb_func
  24              		.type	main, %function
  25              	main:
  26              	.LFB64:
  27              		.file 1 "main.c"
   1:main.c        **** /* ========================================
   2:main.c        ****  *
   3:main.c        ****  * Copyright YOUR COMPANY, THE YEAR
   4:main.c        ****  * All Rights Reserved
   5:main.c        ****  * UNPUBLISHED, LICENSED SOFTWARE.
   6:main.c        ****  *
   7:main.c        ****  * CONFIDENTIAL AND PROPRIETARY INFORMATION
   8:main.c        ****  * WHICH IS THE PROPERTY OF your company.
   9:main.c        ****  *
  10:main.c        ****  * ========================================
  11:main.c        **** */
  12:main.c        **** #include "project.h"
  13:main.c        **** #include "RC522.h"
  14:main.c        **** 
  15:main.c        **** int main(void)
  16:main.c        **** {
  28              		.loc 1 16 0
  29              		.cfi_startproc
  30              		@ Volatile: function does not return.
  31              		@ args = 0, pretend = 0, frame = 0
  32              		@ frame_needed = 0, uses_anonymous_args = 0
  33 0000 08B5     		push	{r3, lr}
  34              		.cfi_def_cfa_offset 8
  35              		.cfi_offset 3, -8
  36              		.cfi_offset 14, -4
  17:main.c        ****     //CyGlobalIntEnable; /* Enable global interrupts. */
  18:main.c        ****     LCD_Start();
  37              		.loc 1 18 0
  38 0002 FFF7FEFF 		bl	LCD_Start
  39              	.LVL0:
ARM GAS  C:\Users\nikod\AppData\Local\Temp\cclWKFiW.s 			page 2


  19:main.c        ****     LCD_Position(0,0);
  40              		.loc 1 19 0
  41 0006 0021     		movs	r1, #0
  42 0008 0846     		mov	r0, r1
  43 000a FFF7FEFF 		bl	LCD_Position
  44              	.LVL1:
  20:main.c        ****     LCD_PrintString("Inicio");
  45              		.loc 1 20 0
  46 000e 0648     		ldr	r0, .L4
  47 0010 FFF7FEFF 		bl	LCD_PrintString
  48              	.LVL2:
  21:main.c        ****     //CyDelay(2000);
  22:main.c        ****     //LCD_Position(0,0);
  23:main.c        ****     //LCD_PrintString("      ");
  24:main.c        ****     //PCD_Init();
  25:main.c        ****     /* Place your initialization/startup code here (e.g. MyInst_Start()) */
  26:main.c        ****     SPI_Start();
  49              		.loc 1 26 0
  50 0014 FFF7FEFF 		bl	SPI_Start
  51              	.LVL3:
  52              	.L2:
  27:main.c        ****     for(;;)
  28:main.c        ****     {
  29:main.c        ****         /* Place your application code here. */
  30:main.c        ****         //Debe salir 91H 
  31:main.c        ****         /*
  32:main.c        ****         LCD_Position(0,0);
  33:main.c        ****         LCD_PrintString("Version:");
  34:main.c        ****         LCD_Position(1,0);
  35:main.c        ****         LCD_PrintHexUint8(PCD_ReadRegister(VersionReg));
  36:main.c        ****         CyDelay(2000);
  37:main.c        ****         LCD_Position(1,0);
  38:main.c        ****         LCD_PrintString("      ");
  39:main.c        ****         */
  40:main.c        ****         CyDelayUs(100);
  53              		.loc 1 40 0 discriminator 1
  54 0018 6420     		movs	r0, #100
  55 001a FFF7FEFF 		bl	CyDelayUs
  56              	.LVL4:
  41:main.c        ****         //PCD_ReadRegister(VersionReg);        
  42:main.c        ****         SPI_WriteTxData(0b11001010);
  57              		.loc 1 42 0 discriminator 1
  58 001e CA20     		movs	r0, #202
  59 0020 FFF7FEFF 		bl	SPI_WriteTxData
  60              	.LVL5:
  61 0024 F8E7     		b	.L2
  62              	.L5:
  63 0026 00BF     		.align	2
  64              	.L4:
  65 0028 00000000 		.word	.LC0
  66              		.cfi_endproc
  67              	.LFE64:
  68              		.size	main, .-main
  69              		.comm	uid,12,4
  70              		.section	.rodata.str1.4,"aMS",%progbits,1
  71              		.align	2
  72              	.LC0:
ARM GAS  C:\Users\nikod\AppData\Local\Temp\cclWKFiW.s 			page 3


  73 0000 496E6963 		.ascii	"Inicio\000"
  73      696F00
  74              		.text
  75              	.Letext0:
  76              		.file 2 "c:\\program files (x86)\\cypress\\psoc creator\\4.2\\psoc creator\\import\\gnu\\arm\\5.4.
  77              		.file 3 "c:\\program files (x86)\\cypress\\psoc creator\\4.2\\psoc creator\\import\\gnu\\arm\\5.4.
  78              		.file 4 "RC522.h"
  79              		.file 5 "Generated_Source\\PSoC5/LCD.h"
  80              		.file 6 "Generated_Source\\PSoC5/SPI.h"
  81              		.file 7 "Generated_Source\\PSoC5/CyLib.h"
  82              		.file 8 "Generated_Source\\PSoC5/core_cm3.h"
  83              		.section	.debug_info,"",%progbits
  84              	.Ldebug_info0:
  85 0000 CC010000 		.4byte	0x1cc
  86 0004 0400     		.2byte	0x4
  87 0006 00000000 		.4byte	.Ldebug_abbrev0
  88 000a 04       		.byte	0x4
  89 000b 01       		.uleb128 0x1
  90 000c 27000000 		.4byte	.LASF25
  91 0010 0C       		.byte	0xc
  92 0011 6B010000 		.4byte	.LASF26
  93 0015 9A010000 		.4byte	.LASF27
  94 0019 00000000 		.4byte	.Ldebug_ranges0+0
  95 001d 00000000 		.4byte	0
  96 0021 00000000 		.4byte	.Ldebug_line0
  97 0025 02       		.uleb128 0x2
  98 0026 01       		.byte	0x1
  99 0027 06       		.byte	0x6
 100 0028 DD010000 		.4byte	.LASF0
 101 002c 02       		.uleb128 0x2
 102 002d 01       		.byte	0x1
 103 002e 08       		.byte	0x8
 104 002f E7000000 		.4byte	.LASF1
 105 0033 02       		.uleb128 0x2
 106 0034 02       		.byte	0x2
 107 0035 05       		.byte	0x5
 108 0036 77010000 		.4byte	.LASF2
 109 003a 02       		.uleb128 0x2
 110 003b 02       		.byte	0x2
 111 003c 07       		.byte	0x7
 112 003d C7000000 		.4byte	.LASF3
 113 0041 03       		.uleb128 0x3
 114 0042 08000000 		.4byte	.LASF9
 115 0046 02       		.byte	0x2
 116 0047 3F       		.byte	0x3f
 117 0048 4C000000 		.4byte	0x4c
 118 004c 02       		.uleb128 0x2
 119 004d 04       		.byte	0x4
 120 004e 05       		.byte	0x5
 121 004f 91010000 		.4byte	.LASF4
 122 0053 02       		.uleb128 0x2
 123 0054 04       		.byte	0x4
 124 0055 07       		.byte	0x7
 125 0056 B5000000 		.4byte	.LASF5
 126 005a 02       		.uleb128 0x2
 127 005b 08       		.byte	0x8
 128 005c 05       		.byte	0x5
ARM GAS  C:\Users\nikod\AppData\Local\Temp\cclWKFiW.s 			page 4


 129 005d 5D010000 		.4byte	.LASF6
 130 0061 02       		.uleb128 0x2
 131 0062 08       		.byte	0x8
 132 0063 07       		.byte	0x7
 133 0064 28010000 		.4byte	.LASF7
 134 0068 04       		.uleb128 0x4
 135 0069 04       		.byte	0x4
 136 006a 05       		.byte	0x5
 137 006b 696E7400 		.ascii	"int\000"
 138 006f 02       		.uleb128 0x2
 139 0070 04       		.byte	0x4
 140 0071 07       		.byte	0x7
 141 0072 1B010000 		.4byte	.LASF8
 142 0076 03       		.uleb128 0x3
 143 0077 4C010000 		.4byte	.LASF10
 144 007b 03       		.byte	0x3
 145 007c 2C       		.byte	0x2c
 146 007d 41000000 		.4byte	0x41
 147 0081 02       		.uleb128 0x2
 148 0082 04       		.byte	0x4
 149 0083 04       		.byte	0x4
 150 0084 12000000 		.4byte	.LASF11
 151 0088 02       		.uleb128 0x2
 152 0089 08       		.byte	0x8
 153 008a 04       		.byte	0x4
 154 008b F5000000 		.4byte	.LASF12
 155 008f 02       		.uleb128 0x2
 156 0090 01       		.byte	0x1
 157 0091 08       		.byte	0x8
 158 0092 72010000 		.4byte	.LASF13
 159 0096 02       		.uleb128 0x2
 160 0097 08       		.byte	0x8
 161 0098 04       		.byte	0x4
 162 0099 D1010000 		.4byte	.LASF14
 163 009d 02       		.uleb128 0x2
 164 009e 04       		.byte	0x4
 165 009f 07       		.byte	0x7
 166 00a0 54010000 		.4byte	.LASF15
 167 00a4 05       		.uleb128 0x5
 168 00a5 0C       		.byte	0xc
 169 00a6 04       		.byte	0x4
 170 00a7 3A       		.byte	0x3a
 171 00a8 D1000000 		.4byte	0xd1
 172 00ac 06       		.uleb128 0x6
 173 00ad 22000000 		.4byte	.LASF16
 174 00b1 04       		.byte	0x4
 175 00b2 3B       		.byte	0x3b
 176 00b3 2C000000 		.4byte	0x2c
 177 00b7 00       		.byte	0
 178 00b8 06       		.uleb128 0x6
 179 00b9 00000000 		.4byte	.LASF17
 180 00bd 04       		.byte	0x4
 181 00be 3C       		.byte	0x3c
 182 00bf D1000000 		.4byte	0xd1
 183 00c3 01       		.byte	0x1
 184 00c4 07       		.uleb128 0x7
 185 00c5 73616B00 		.ascii	"sak\000"
ARM GAS  C:\Users\nikod\AppData\Local\Temp\cclWKFiW.s 			page 5


 186 00c9 04       		.byte	0x4
 187 00ca 3D       		.byte	0x3d
 188 00cb 2C000000 		.4byte	0x2c
 189 00cf 0B       		.byte	0xb
 190 00d0 00       		.byte	0
 191 00d1 08       		.uleb128 0x8
 192 00d2 2C000000 		.4byte	0x2c
 193 00d6 E1000000 		.4byte	0xe1
 194 00da 09       		.uleb128 0x9
 195 00db 9D000000 		.4byte	0x9d
 196 00df 09       		.byte	0x9
 197 00e0 00       		.byte	0
 198 00e1 0A       		.uleb128 0xa
 199 00e2 55696400 		.ascii	"Uid\000"
 200 00e6 04       		.byte	0x4
 201 00e7 3E       		.byte	0x3e
 202 00e8 A4000000 		.4byte	0xa4
 203 00ec 0B       		.uleb128 0xb
 204 00ed FC000000 		.4byte	.LASF28
 205 00f1 01       		.byte	0x1
 206 00f2 0F       		.byte	0xf
 207 00f3 68000000 		.4byte	0x68
 208 00f7 00000000 		.4byte	.LFB64
 209 00fb 2C000000 		.4byte	.LFE64-.LFB64
 210 00ff 01       		.uleb128 0x1
 211 0100 9C       		.byte	0x9c
 212 0101 6B010000 		.4byte	0x16b
 213 0105 0C       		.uleb128 0xc
 214 0106 06000000 		.4byte	.LVL0
 215 010a 8D010000 		.4byte	0x18d
 216 010e 0D       		.uleb128 0xd
 217 010f 0E000000 		.4byte	.LVL1
 218 0113 98010000 		.4byte	0x198
 219 0117 26010000 		.4byte	0x126
 220 011b 0E       		.uleb128 0xe
 221 011c 01       		.uleb128 0x1
 222 011d 50       		.byte	0x50
 223 011e 01       		.uleb128 0x1
 224 011f 30       		.byte	0x30
 225 0120 0E       		.uleb128 0xe
 226 0121 01       		.uleb128 0x1
 227 0122 51       		.byte	0x51
 228 0123 01       		.uleb128 0x1
 229 0124 30       		.byte	0x30
 230 0125 00       		.byte	0
 231 0126 0D       		.uleb128 0xd
 232 0127 14000000 		.4byte	.LVL2
 233 012b A3010000 		.4byte	0x1a3
 234 012f 3D010000 		.4byte	0x13d
 235 0133 0E       		.uleb128 0xe
 236 0134 01       		.uleb128 0x1
 237 0135 50       		.byte	0x50
 238 0136 05       		.uleb128 0x5
 239 0137 03       		.byte	0x3
 240 0138 00000000 		.4byte	.LC0
 241 013c 00       		.byte	0
 242 013d 0C       		.uleb128 0xc
ARM GAS  C:\Users\nikod\AppData\Local\Temp\cclWKFiW.s 			page 6


 243 013e 18000000 		.4byte	.LVL3
 244 0142 AE010000 		.4byte	0x1ae
 245 0146 0D       		.uleb128 0xd
 246 0147 1E000000 		.4byte	.LVL4
 247 014b B9010000 		.4byte	0x1b9
 248 014f 5A010000 		.4byte	0x15a
 249 0153 0E       		.uleb128 0xe
 250 0154 01       		.uleb128 0x1
 251 0155 50       		.byte	0x50
 252 0156 02       		.uleb128 0x2
 253 0157 08       		.byte	0x8
 254 0158 64       		.byte	0x64
 255 0159 00       		.byte	0
 256 015a 0F       		.uleb128 0xf
 257 015b 24000000 		.4byte	.LVL5
 258 015f C4010000 		.4byte	0x1c4
 259 0163 0E       		.uleb128 0xe
 260 0164 01       		.uleb128 0x1
 261 0165 50       		.byte	0x50
 262 0166 02       		.uleb128 0x2
 263 0167 09       		.byte	0x9
 264 0168 CA       		.byte	0xca
 265 0169 00       		.byte	0
 266 016a 00       		.byte	0
 267 016b 10       		.uleb128 0x10
 268 016c DA000000 		.4byte	.LASF18
 269 0170 08       		.byte	0x8
 270 0171 1207     		.2byte	0x712
 271 0173 77010000 		.4byte	0x177
 272 0177 11       		.uleb128 0x11
 273 0178 76000000 		.4byte	0x76
 274 017c 12       		.uleb128 0x12
 275 017d 75696400 		.ascii	"uid\000"
 276 0181 04       		.byte	0x4
 277 0182 40       		.byte	0x40
 278 0183 E1000000 		.4byte	0xe1
 279 0187 05       		.uleb128 0x5
 280 0188 03       		.byte	0x3
 281 0189 00000000 		.4byte	uid
 282 018d 13       		.uleb128 0x13
 283 018e 18000000 		.4byte	.LASF19
 284 0192 18000000 		.4byte	.LASF19
 285 0196 05       		.byte	0x5
 286 0197 38       		.byte	0x38
 287 0198 13       		.uleb128 0x13
 288 0199 3F010000 		.4byte	.LASF20
 289 019d 3F010000 		.4byte	.LASF20
 290 01a1 05       		.byte	0x5
 291 01a2 3D       		.byte	0x3d
 292 01a3 13       		.uleb128 0x13
 293 01a4 01010000 		.4byte	.LASF21
 294 01a8 01010000 		.4byte	.LASF21
 295 01ac 05       		.byte	0x5
 296 01ad 3C       		.byte	0x3c
 297 01ae 13       		.uleb128 0x13
 298 01af E9010000 		.4byte	.LASF22
 299 01b3 E9010000 		.4byte	.LASF22
ARM GAS  C:\Users\nikod\AppData\Local\Temp\cclWKFiW.s 			page 7


 300 01b7 06       		.byte	0x6
 301 01b8 4D       		.byte	0x4d
 302 01b9 13       		.uleb128 0x13
 303 01ba 11010000 		.4byte	.LASF23
 304 01be 11010000 		.4byte	.LASF23
 305 01c2 07       		.byte	0x7
 306 01c3 77       		.byte	0x77
 307 01c4 13       		.uleb128 0x13
 308 01c5 81010000 		.4byte	.LASF24
 309 01c9 81010000 		.4byte	.LASF24
 310 01cd 06       		.byte	0x6
 311 01ce 5E       		.byte	0x5e
 312 01cf 00       		.byte	0
 313              		.section	.debug_abbrev,"",%progbits
 314              	.Ldebug_abbrev0:
 315 0000 01       		.uleb128 0x1
 316 0001 11       		.uleb128 0x11
 317 0002 01       		.byte	0x1
 318 0003 25       		.uleb128 0x25
 319 0004 0E       		.uleb128 0xe
 320 0005 13       		.uleb128 0x13
 321 0006 0B       		.uleb128 0xb
 322 0007 03       		.uleb128 0x3
 323 0008 0E       		.uleb128 0xe
 324 0009 1B       		.uleb128 0x1b
 325 000a 0E       		.uleb128 0xe
 326 000b 55       		.uleb128 0x55
 327 000c 17       		.uleb128 0x17
 328 000d 11       		.uleb128 0x11
 329 000e 01       		.uleb128 0x1
 330 000f 10       		.uleb128 0x10
 331 0010 17       		.uleb128 0x17
 332 0011 00       		.byte	0
 333 0012 00       		.byte	0
 334 0013 02       		.uleb128 0x2
 335 0014 24       		.uleb128 0x24
 336 0015 00       		.byte	0
 337 0016 0B       		.uleb128 0xb
 338 0017 0B       		.uleb128 0xb
 339 0018 3E       		.uleb128 0x3e
 340 0019 0B       		.uleb128 0xb
 341 001a 03       		.uleb128 0x3
 342 001b 0E       		.uleb128 0xe
 343 001c 00       		.byte	0
 344 001d 00       		.byte	0
 345 001e 03       		.uleb128 0x3
 346 001f 16       		.uleb128 0x16
 347 0020 00       		.byte	0
 348 0021 03       		.uleb128 0x3
 349 0022 0E       		.uleb128 0xe
 350 0023 3A       		.uleb128 0x3a
 351 0024 0B       		.uleb128 0xb
 352 0025 3B       		.uleb128 0x3b
 353 0026 0B       		.uleb128 0xb
 354 0027 49       		.uleb128 0x49
 355 0028 13       		.uleb128 0x13
 356 0029 00       		.byte	0
ARM GAS  C:\Users\nikod\AppData\Local\Temp\cclWKFiW.s 			page 8


 357 002a 00       		.byte	0
 358 002b 04       		.uleb128 0x4
 359 002c 24       		.uleb128 0x24
 360 002d 00       		.byte	0
 361 002e 0B       		.uleb128 0xb
 362 002f 0B       		.uleb128 0xb
 363 0030 3E       		.uleb128 0x3e
 364 0031 0B       		.uleb128 0xb
 365 0032 03       		.uleb128 0x3
 366 0033 08       		.uleb128 0x8
 367 0034 00       		.byte	0
 368 0035 00       		.byte	0
 369 0036 05       		.uleb128 0x5
 370 0037 13       		.uleb128 0x13
 371 0038 01       		.byte	0x1
 372 0039 0B       		.uleb128 0xb
 373 003a 0B       		.uleb128 0xb
 374 003b 3A       		.uleb128 0x3a
 375 003c 0B       		.uleb128 0xb
 376 003d 3B       		.uleb128 0x3b
 377 003e 0B       		.uleb128 0xb
 378 003f 01       		.uleb128 0x1
 379 0040 13       		.uleb128 0x13
 380 0041 00       		.byte	0
 381 0042 00       		.byte	0
 382 0043 06       		.uleb128 0x6
 383 0044 0D       		.uleb128 0xd
 384 0045 00       		.byte	0
 385 0046 03       		.uleb128 0x3
 386 0047 0E       		.uleb128 0xe
 387 0048 3A       		.uleb128 0x3a
 388 0049 0B       		.uleb128 0xb
 389 004a 3B       		.uleb128 0x3b
 390 004b 0B       		.uleb128 0xb
 391 004c 49       		.uleb128 0x49
 392 004d 13       		.uleb128 0x13
 393 004e 38       		.uleb128 0x38
 394 004f 0B       		.uleb128 0xb
 395 0050 00       		.byte	0
 396 0051 00       		.byte	0
 397 0052 07       		.uleb128 0x7
 398 0053 0D       		.uleb128 0xd
 399 0054 00       		.byte	0
 400 0055 03       		.uleb128 0x3
 401 0056 08       		.uleb128 0x8
 402 0057 3A       		.uleb128 0x3a
 403 0058 0B       		.uleb128 0xb
 404 0059 3B       		.uleb128 0x3b
 405 005a 0B       		.uleb128 0xb
 406 005b 49       		.uleb128 0x49
 407 005c 13       		.uleb128 0x13
 408 005d 38       		.uleb128 0x38
 409 005e 0B       		.uleb128 0xb
 410 005f 00       		.byte	0
 411 0060 00       		.byte	0
 412 0061 08       		.uleb128 0x8
 413 0062 01       		.uleb128 0x1
ARM GAS  C:\Users\nikod\AppData\Local\Temp\cclWKFiW.s 			page 9


 414 0063 01       		.byte	0x1
 415 0064 49       		.uleb128 0x49
 416 0065 13       		.uleb128 0x13
 417 0066 01       		.uleb128 0x1
 418 0067 13       		.uleb128 0x13
 419 0068 00       		.byte	0
 420 0069 00       		.byte	0
 421 006a 09       		.uleb128 0x9
 422 006b 21       		.uleb128 0x21
 423 006c 00       		.byte	0
 424 006d 49       		.uleb128 0x49
 425 006e 13       		.uleb128 0x13
 426 006f 2F       		.uleb128 0x2f
 427 0070 0B       		.uleb128 0xb
 428 0071 00       		.byte	0
 429 0072 00       		.byte	0
 430 0073 0A       		.uleb128 0xa
 431 0074 16       		.uleb128 0x16
 432 0075 00       		.byte	0
 433 0076 03       		.uleb128 0x3
 434 0077 08       		.uleb128 0x8
 435 0078 3A       		.uleb128 0x3a
 436 0079 0B       		.uleb128 0xb
 437 007a 3B       		.uleb128 0x3b
 438 007b 0B       		.uleb128 0xb
 439 007c 49       		.uleb128 0x49
 440 007d 13       		.uleb128 0x13
 441 007e 00       		.byte	0
 442 007f 00       		.byte	0
 443 0080 0B       		.uleb128 0xb
 444 0081 2E       		.uleb128 0x2e
 445 0082 01       		.byte	0x1
 446 0083 3F       		.uleb128 0x3f
 447 0084 19       		.uleb128 0x19
 448 0085 03       		.uleb128 0x3
 449 0086 0E       		.uleb128 0xe
 450 0087 3A       		.uleb128 0x3a
 451 0088 0B       		.uleb128 0xb
 452 0089 3B       		.uleb128 0x3b
 453 008a 0B       		.uleb128 0xb
 454 008b 27       		.uleb128 0x27
 455 008c 19       		.uleb128 0x19
 456 008d 49       		.uleb128 0x49
 457 008e 13       		.uleb128 0x13
 458 008f 8701     		.uleb128 0x87
 459 0091 19       		.uleb128 0x19
 460 0092 11       		.uleb128 0x11
 461 0093 01       		.uleb128 0x1
 462 0094 12       		.uleb128 0x12
 463 0095 06       		.uleb128 0x6
 464 0096 40       		.uleb128 0x40
 465 0097 18       		.uleb128 0x18
 466 0098 9742     		.uleb128 0x2117
 467 009a 19       		.uleb128 0x19
 468 009b 01       		.uleb128 0x1
 469 009c 13       		.uleb128 0x13
 470 009d 00       		.byte	0
ARM GAS  C:\Users\nikod\AppData\Local\Temp\cclWKFiW.s 			page 10


 471 009e 00       		.byte	0
 472 009f 0C       		.uleb128 0xc
 473 00a0 898201   		.uleb128 0x4109
 474 00a3 00       		.byte	0
 475 00a4 11       		.uleb128 0x11
 476 00a5 01       		.uleb128 0x1
 477 00a6 31       		.uleb128 0x31
 478 00a7 13       		.uleb128 0x13
 479 00a8 00       		.byte	0
 480 00a9 00       		.byte	0
 481 00aa 0D       		.uleb128 0xd
 482 00ab 898201   		.uleb128 0x4109
 483 00ae 01       		.byte	0x1
 484 00af 11       		.uleb128 0x11
 485 00b0 01       		.uleb128 0x1
 486 00b1 31       		.uleb128 0x31
 487 00b2 13       		.uleb128 0x13
 488 00b3 01       		.uleb128 0x1
 489 00b4 13       		.uleb128 0x13
 490 00b5 00       		.byte	0
 491 00b6 00       		.byte	0
 492 00b7 0E       		.uleb128 0xe
 493 00b8 8A8201   		.uleb128 0x410a
 494 00bb 00       		.byte	0
 495 00bc 02       		.uleb128 0x2
 496 00bd 18       		.uleb128 0x18
 497 00be 9142     		.uleb128 0x2111
 498 00c0 18       		.uleb128 0x18
 499 00c1 00       		.byte	0
 500 00c2 00       		.byte	0
 501 00c3 0F       		.uleb128 0xf
 502 00c4 898201   		.uleb128 0x4109
 503 00c7 01       		.byte	0x1
 504 00c8 11       		.uleb128 0x11
 505 00c9 01       		.uleb128 0x1
 506 00ca 31       		.uleb128 0x31
 507 00cb 13       		.uleb128 0x13
 508 00cc 00       		.byte	0
 509 00cd 00       		.byte	0
 510 00ce 10       		.uleb128 0x10
 511 00cf 34       		.uleb128 0x34
 512 00d0 00       		.byte	0
 513 00d1 03       		.uleb128 0x3
 514 00d2 0E       		.uleb128 0xe
 515 00d3 3A       		.uleb128 0x3a
 516 00d4 0B       		.uleb128 0xb
 517 00d5 3B       		.uleb128 0x3b
 518 00d6 05       		.uleb128 0x5
 519 00d7 49       		.uleb128 0x49
 520 00d8 13       		.uleb128 0x13
 521 00d9 3F       		.uleb128 0x3f
 522 00da 19       		.uleb128 0x19
 523 00db 3C       		.uleb128 0x3c
 524 00dc 19       		.uleb128 0x19
 525 00dd 00       		.byte	0
 526 00de 00       		.byte	0
 527 00df 11       		.uleb128 0x11
ARM GAS  C:\Users\nikod\AppData\Local\Temp\cclWKFiW.s 			page 11


 528 00e0 35       		.uleb128 0x35
 529 00e1 00       		.byte	0
 530 00e2 49       		.uleb128 0x49
 531 00e3 13       		.uleb128 0x13
 532 00e4 00       		.byte	0
 533 00e5 00       		.byte	0
 534 00e6 12       		.uleb128 0x12
 535 00e7 34       		.uleb128 0x34
 536 00e8 00       		.byte	0
 537 00e9 03       		.uleb128 0x3
 538 00ea 08       		.uleb128 0x8
 539 00eb 3A       		.uleb128 0x3a
 540 00ec 0B       		.uleb128 0xb
 541 00ed 3B       		.uleb128 0x3b
 542 00ee 0B       		.uleb128 0xb
 543 00ef 49       		.uleb128 0x49
 544 00f0 13       		.uleb128 0x13
 545 00f1 3F       		.uleb128 0x3f
 546 00f2 19       		.uleb128 0x19
 547 00f3 02       		.uleb128 0x2
 548 00f4 18       		.uleb128 0x18
 549 00f5 00       		.byte	0
 550 00f6 00       		.byte	0
 551 00f7 13       		.uleb128 0x13
 552 00f8 2E       		.uleb128 0x2e
 553 00f9 00       		.byte	0
 554 00fa 3F       		.uleb128 0x3f
 555 00fb 19       		.uleb128 0x19
 556 00fc 3C       		.uleb128 0x3c
 557 00fd 19       		.uleb128 0x19
 558 00fe 6E       		.uleb128 0x6e
 559 00ff 0E       		.uleb128 0xe
 560 0100 03       		.uleb128 0x3
 561 0101 0E       		.uleb128 0xe
 562 0102 3A       		.uleb128 0x3a
 563 0103 0B       		.uleb128 0xb
 564 0104 3B       		.uleb128 0x3b
 565 0105 0B       		.uleb128 0xb
 566 0106 00       		.byte	0
 567 0107 00       		.byte	0
 568 0108 00       		.byte	0
 569              		.section	.debug_aranges,"",%progbits
 570 0000 1C000000 		.4byte	0x1c
 571 0004 0200     		.2byte	0x2
 572 0006 00000000 		.4byte	.Ldebug_info0
 573 000a 04       		.byte	0x4
 574 000b 00       		.byte	0
 575 000c 0000     		.2byte	0
 576 000e 0000     		.2byte	0
 577 0010 00000000 		.4byte	.LFB64
 578 0014 2C000000 		.4byte	.LFE64-.LFB64
 579 0018 00000000 		.4byte	0
 580 001c 00000000 		.4byte	0
 581              		.section	.debug_ranges,"",%progbits
 582              	.Ldebug_ranges0:
 583 0000 00000000 		.4byte	.LFB64
 584 0004 2C000000 		.4byte	.LFE64
ARM GAS  C:\Users\nikod\AppData\Local\Temp\cclWKFiW.s 			page 12


 585 0008 00000000 		.4byte	0
 586 000c 00000000 		.4byte	0
 587              		.section	.debug_line,"",%progbits
 588              	.Ldebug_line0:
 589 0000 8C010000 		.section	.debug_str,"MS",%progbits,1
 589      02006701 
 589      00000201 
 589      FB0E0D00 
 589      01010101 
 590              	.LASF17:
 591 0000 75696442 		.ascii	"uidByte\000"
 591      79746500 
 592              	.LASF9:
 593 0008 5F5F696E 		.ascii	"__int32_t\000"
 593      7433325F 
 593      7400
 594              	.LASF11:
 595 0012 666C6F61 		.ascii	"float\000"
 595      7400
 596              	.LASF19:
 597 0018 4C43445F 		.ascii	"LCD_Start\000"
 597      53746172 
 597      7400
 598              	.LASF16:
 599 0022 73697A65 		.ascii	"size\000"
 599      00
 600              	.LASF25:
 601 0027 474E5520 		.ascii	"GNU C11 5.4.1 20160609 (release) [ARM/embedded-5-br"
 601      43313120 
 601      352E342E 
 601      31203230 
 601      31363036 
 602 005a 616E6368 		.ascii	"anch revision 237715] -mcpu=cortex-m3 -mthumb -g -O"
 602      20726576 
 602      6973696F 
 602      6E203233 
 602      37373135 
 603 008d 67202D66 		.ascii	"g -ffunction-sections -ffat-lto-objects\000"
 603      66756E63 
 603      74696F6E 
 603      2D736563 
 603      74696F6E 
 604              	.LASF5:
 605 00b5 6C6F6E67 		.ascii	"long unsigned int\000"
 605      20756E73 
 605      69676E65 
 605      6420696E 
 605      7400
 606              	.LASF3:
 607 00c7 73686F72 		.ascii	"short unsigned int\000"
 607      7420756E 
 607      7369676E 
 607      65642069 
 607      6E7400
 608              	.LASF18:
 609 00da 49544D5F 		.ascii	"ITM_RxBuffer\000"
 609      52784275 
ARM GAS  C:\Users\nikod\AppData\Local\Temp\cclWKFiW.s 			page 13


 609      66666572 
 609      00
 610              	.LASF1:
 611 00e7 756E7369 		.ascii	"unsigned char\000"
 611      676E6564 
 611      20636861 
 611      7200
 612              	.LASF12:
 613 00f5 646F7562 		.ascii	"double\000"
 613      6C6500
 614              	.LASF28:
 615 00fc 6D61696E 		.ascii	"main\000"
 615      00
 616              	.LASF21:
 617 0101 4C43445F 		.ascii	"LCD_PrintString\000"
 617      5072696E 
 617      74537472 
 617      696E6700 
 618              	.LASF23:
 619 0111 43794465 		.ascii	"CyDelayUs\000"
 619      6C617955 
 619      7300
 620              	.LASF8:
 621 011b 756E7369 		.ascii	"unsigned int\000"
 621      676E6564 
 621      20696E74 
 621      00
 622              	.LASF7:
 623 0128 6C6F6E67 		.ascii	"long long unsigned int\000"
 623      206C6F6E 
 623      6720756E 
 623      7369676E 
 623      65642069 
 624              	.LASF20:
 625 013f 4C43445F 		.ascii	"LCD_Position\000"
 625      506F7369 
 625      74696F6E 
 625      00
 626              	.LASF10:
 627 014c 696E7433 		.ascii	"int32_t\000"
 627      325F7400 
 628              	.LASF15:
 629 0154 73697A65 		.ascii	"sizetype\000"
 629      74797065 
 629      00
 630              	.LASF6:
 631 015d 6C6F6E67 		.ascii	"long long int\000"
 631      206C6F6E 
 631      6720696E 
 631      7400
 632              	.LASF26:
 633 016b 6D61696E 		.ascii	"main.c\000"
 633      2E6300
 634              	.LASF13:
 635 0172 63686172 		.ascii	"char\000"
 635      00
 636              	.LASF2:
ARM GAS  C:\Users\nikod\AppData\Local\Temp\cclWKFiW.s 			page 14


 637 0177 73686F72 		.ascii	"short int\000"
 637      7420696E 
 637      7400
 638              	.LASF24:
 639 0181 5350495F 		.ascii	"SPI_WriteTxData\000"
 639      57726974 
 639      65547844 
 639      61746100 
 640              	.LASF4:
 641 0191 6C6F6E67 		.ascii	"long int\000"
 641      20696E74 
 641      00
 642              	.LASF27:
 643 019a 433A5C55 		.ascii	"C:\\Users\\nikod\\Documents\\PSoC Creator\\RC522\\R"
 643      73657273 
 643      5C6E696B 
 643      6F645C44 
 643      6F63756D 
 644 01c7 4649442E 		.ascii	"FID.cydsn\000"
 644      63796473 
 644      6E00
 645              	.LASF14:
 646 01d1 6C6F6E67 		.ascii	"long double\000"
 646      20646F75 
 646      626C6500 
 647              	.LASF0:
 648 01dd 7369676E 		.ascii	"signed char\000"
 648      65642063 
 648      68617200 
 649              	.LASF22:
 650 01e9 5350495F 		.ascii	"SPI_Start\000"
 650      53746172 
 650      7400
 651              		.ident	"GCC: (GNU Tools for ARM Embedded Processors) 5.4.1 20160609 (release) [ARM/embedded-5-bran
